Using pre-set license
Built from '2023.1/staging' branch; Version is '2023.1.16f1 (e5ad54273a6f) revision 15052116'; Using compiler version '192829333'; Build Type 'Release'
OS: 'Windows 11  (10.0.22621) 64bit Core' Language: 'es' Physical Memory: 7521 MB
BatchMode: 1, IsHumanControllingUs: 0, StartBugReporterOnCrash: 0, Is64bit: 1, IsPro: 1

COMMAND LINE ARGUMENTS:
D:\2023.1.16f1\Editor\Unity.exe
-adb2
-batchMode
-noUpm
-name
AssetImportWorker2
-projectPath
D:/CEDVRV/Paradise/Paradise
-logFile
Logs/AssetImportWorker2.log
-srvPort
62894
Successfully changed project path to: D:/CEDVRV/Paradise/Paradise
D:/CEDVRV/Paradise/Paradise
[UnityMemory] Configuration Parameters - Can be set up in boot.config
    "memorysetup-bucket-allocator-granularity=16"
    "memorysetup-bucket-allocator-bucket-count=8"
    "memorysetup-bucket-allocator-block-size=33554432"
    "memorysetup-bucket-allocator-block-count=8"
    "memorysetup-main-allocator-block-size=16777216"
    "memorysetup-thread-allocator-block-size=16777216"
    "memorysetup-gfx-main-allocator-block-size=16777216"
    "memorysetup-gfx-thread-allocator-block-size=16777216"
    "memorysetup-cache-allocator-block-size=4194304"
    "memorysetup-typetree-allocator-block-size=2097152"
    "memorysetup-profiler-bucket-allocator-granularity=16"
    "memorysetup-profiler-bucket-allocator-bucket-count=8"
    "memorysetup-profiler-bucket-allocator-block-size=33554432"
    "memorysetup-profiler-bucket-allocator-block-count=8"
    "memorysetup-profiler-allocator-block-size=16777216"
    "memorysetup-profiler-editor-allocator-block-size=1048576"
    "memorysetup-temp-allocator-size-main=16777216"
    "memorysetup-job-temp-allocator-block-size=2097152"
    "memorysetup-job-temp-allocator-block-size-background=1048576"
    "memorysetup-job-temp-allocator-reduction-small-platforms=262144"
    "memorysetup-allocator-temp-initial-block-size-main=262144"
    "memorysetup-allocator-temp-initial-block-size-worker=262144"
    "memorysetup-temp-allocator-size-background-worker=32768"
    "memorysetup-temp-allocator-size-job-worker=262144"
    "memorysetup-temp-allocator-size-preload-manager=33554432"
    "memorysetup-temp-allocator-size-nav-mesh-worker=65536"
    "memorysetup-temp-allocator-size-audio-worker=65536"
    "memorysetup-temp-allocator-size-cloud-worker=32768"
    "memorysetup-temp-allocator-size-gi-baking-worker=262144"
    "memorysetup-temp-allocator-size-gfx=262144"
Player connection [41496] Host "[IP] 192.168.252.1 [Port] 0 [Flags] 2 [Guid] 179346573 [EditorId] 179346573 [Version] 1048832 [Id] WindowsEditor(7,ordena) [Debug] 1 [PackageName] WindowsEditor [ProjectName] Editor" joined multi-casting on [225.0.0.222:54997]...

Player connection [41496] Host "[IP] 192.168.252.1 [Port] 0 [Flags] 2 [Guid] 179346573 [EditorId] 179346573 [Version] 1048832 [Id] WindowsEditor(7,ordena) [Debug] 1 [PackageName] WindowsEditor [ProjectName] Editor" joined alternative multi-casting on [225.0.0.222:34997]...

[Physics::Module] Initialized MultithreadedJobDispatcher with 11 workers.
Library Redirect Path: Library/Refreshing native plugins compatible for Editor in 565.75 ms, found 3 plugins.
Preloading 0 native plugins for Editor in 0.00 ms.
Initialize engine version: 2023.1.16f1 (e5ad54273a6f)
[Subsystems] Discovering subsystems at path D:/2023.1.16f1/Editor/Data/Resources/UnitySubsystems
[Subsystems] Discovering subsystems at path D:/CEDVRV/Paradise/Paradise/Assets
GfxDevice: creating device client; threaded=0; jobified=0
Direct3D:
    Version:  Direct3D 11.0 [level 11.1]
    Renderer: NVIDIA GeForce GTX 1650 (ID=0x1f9d)
    Vendor:   NVIDIA
    VRAM:     3950 MB
    Driver:   31.0.15.2892
Initialize mono
Mono path[0] = 'D:/2023.1.16f1/Editor/Data/Managed'
Mono path[1] = 'D:/2023.1.16f1/Editor/Data/MonoBleedingEdge/lib/mono/unityjit-win32'
Mono config path = 'D:/2023.1.16f1/Editor/Data/MonoBleedingEdge/etc'
Using monoOptions --debugger-agent=transport=dt_socket,embedding=1,server=y,suspend=n,address=127.0.0.1:56344
Begin MonoManager ReloadAssembly
C:\build\output\Unity-Technologies\mono\mono\metadata\icall.c:1842:
C:\build\output\Unity-Technologies\mono\mono\metadata\icall.c:1842:
C:\build\output\Unity-Technologies\mono\mono\metadata\icall.c:1842:
C:\build\output\Unity-Technologies\mono\mono\metadata\icall.c:1842:
C:\build\output\Unity-Technologies\mono\mono\metadata\icall.c:1842:
C:\build\output\Unity-Technologies\mono\mono\metadata\icall.c:1842:
C:\build\output\Unity-Technologies\mono\mono\metadata\icall.c:1842:
C:\build\output\Unity-Technologies\mono\mono\metadata\icall.c:1842:
C:\build\output\Unity-Technologies\mono\mono\metadata\icall.c:1842:
C:\build\output\Unity-Technologies\mono\mono\metadata\icall.c:1842:
Registering precompiled unity dll's ...
Register platform support module: D:/2023.1.16f1/Editor/Data/PlaybackEngines/WindowsStandaloneSupport/UnityEditor.WindowsStandalone.Extensions.dll
Registered in 0.027703 seconds.
- Loaded All Assemblies, in  2.645 seconds
Native extension for WindowsStandalone target not found
Mono: successfully reloaded assembly
C:\build\output\Unity-Technologies\mono\mono\metadata\icall.c:1842:
C:\build\output\Unity-Technologies\mono\mono\metadata\icall.c:1842:
- Finished resetting the current domain, in  0.678 seconds
Domain Reload Profiling: 3332ms
	BeginReloadAssembly (1780ms)
		ExecutionOrderSort (0ms)
		DisableScriptedObjects (0ms)
		BackupInstance (0ms)
		ReleaseScriptingObjects (0ms)
		CreateAndSetChildDomain (42ms)
	RebuildCommonClasses (225ms)
	RebuildNativeTypeToScriptingClass (31ms)
	initialDomainReloadingComplete (166ms)
	LoadAllAssembliesAndSetupDomain (441ms)
		LoadAssemblies (1712ms)
		RebuildTransferFunctionScriptingTraits (0ms)
		AnalyzeDomain (437ms)
			TypeCache.Refresh (434ms)
				TypeCache.ScanAssembly (396ms)
			ScanForSourceGeneratedMonoScriptInfo (1ms)
			ResolveRequiredComponents (2ms)
	FinalizeReload (687ms)
		ReleaseScriptCaches (0ms)
		RebuildScriptCaches (0ms)
		SetupLoadedEditorAssemblies (564ms)
			LogAssemblyErrors (0ms)
			InitializePlatformSupportModulesInManaged (36ms)
			SetLoadedEditorAssemblies (6ms)
			BeforeProcessingInitializeOnLoad (62ms)
			ProcessInitializeOnLoadAttributes (320ms)
			ProcessInitializeOnLoadMethodAttributes (139ms)
			AfterProcessingInitializeOnLoad (0ms)
			EditorAssembliesLoaded (0ms)
		ExecutionOrderSort2 (0ms)
		AwakeInstancesAfterBackupRestoration (0ms)
========================================================================
Worker process is ready to serve import requests
Import Worker Mode flag is 0x00
Begin MonoManager ReloadAssembly
C:\build\output\Unity-Technologies\mono\mono\metadata\icall.c:1842:
C:\build\output\Unity-Technologies\mono\mono\metadata\icall.c:1842:
C:\build\output\Unity-Technologies\mono\mono\metadata\icall.c:1842:
C:\build\output\Unity-Technologies\mono\mono\metadata\icall.c:1842:
C:\build\output\Unity-Technologies\mono\mono\metadata\icall.c:1842:
C:\build\output\Unity-Technologies\mono\mono\metadata\icall.c:1842:
C:\build\output\Unity-Technologies\mono\mono\metadata\icall.c:1842:
C:\build\output\Unity-Technologies\mono\mono\metadata\icall.c:1842:
C:\build\output\Unity-Technologies\mono\mono\metadata\icall.c:1842:
C:\build\output\Unity-Technologies\mono\mono\metadata\icall.c:1842:
C:\build\output\Unity-Technologies\mono\mono\metadata\icall.c:1842:
C:\build\output\Unity-Technologies\mono\mono\metadata\icall.c:1842:
Symbol file LoadedFromMemory doesn't match image D:\CEDVRV\Paradise\Paradise\Library\PackageCache\com.unity.visualscripting@1.8.0\Editor\VisualScripting.Core\Dependencies\YamlDotNet\Unity.VisualScripting.YamlDotNet.dll
Symbol file LoadedFromMemory doesn't match image D:\CEDVRV\Paradise\Paradise\Library\PackageCache\com.unity.visualscripting@1.8.0\Editor\VisualScripting.Core\Dependencies\DotNetZip\Unity.VisualScripting.IonicZip.dll
- Loaded All Assemblies, in  8.069 seconds
Refreshing native plugins compatible for Editor in 6.27 ms, found 3 plugins.
Native extension for WindowsStandalone target not found
Mono: successfully reloaded assembly
- Finished resetting the current domain, in  4.256 seconds
Domain Reload Profiling: 12331ms
	BeginReloadAssembly (1507ms)
		ExecutionOrderSort (0ms)
		DisableScriptedObjects (12ms)
		BackupInstance (0ms)
		ReleaseScriptingObjects (0ms)
		CreateAndSetChildDomain (181ms)
	RebuildCommonClasses (54ms)
	RebuildNativeTypeToScriptingClass (17ms)
	initialDomainReloadingComplete (55ms)
	LoadAllAssembliesAndSetupDomain (6442ms)
		LoadAssemblies (5713ms)
		RebuildTransferFunctionScriptingTraits (0ms)
		AnalyzeDomain (888ms)
			TypeCache.Refresh (834ms)
				TypeCache.ScanAssembly (801ms)
			ScanForSourceGeneratedMonoScriptInfo (35ms)
			ResolveRequiredComponents (17ms)
	FinalizeReload (4257ms)
		ReleaseScriptCaches (0ms)
		RebuildScriptCaches (0ms)
		SetupLoadedEditorAssemblies (2192ms)
			LogAssemblyErrors (0ms)
			InitializePlatformSupportModulesInManaged (9ms)
			SetLoadedEditorAssemblies (5ms)
			BeforeProcessingInitializeOnLoad (121ms)
			ProcessInitializeOnLoadAttributes (2003ms)
			ProcessInitializeOnLoadMethodAttributes (50ms)
			AfterProcessingInitializeOnLoad (3ms)
			EditorAssembliesLoaded (0ms)
		ExecutionOrderSort2 (0ms)
		AwakeInstancesAfterBackupRestoration (11ms)
Launched and connected shader compiler UnityShaderCompiler.exe after 0.32 seconds
Refreshing native plugins compatible for Editor in 5.12 ms, found 3 plugins.
Preloading 0 native plugins for Editor in 0.00 ms.
Unloading 5033 Unused Serialized files (Serialized files now loaded: 0)
Unloading 70 unused Assets / (1.5 MB). Loaded Objects now: 5565.
Memory consumption went from 206.1 MB to 204.6 MB.
Total: 238.954900 ms (FindLiveObjects: 13.095800 ms CreateObjectMapping: 2.647900 ms MarkObjects: 179.748400 ms  DeleteObjects: 43.459300 ms)

AssetImportParameters requested are different than current active one (requested -> active):
  custom:video-decoder-webm-vp8: 9c59270c3fd7afecdb556c50c9e8de78 -> 
  custom:SearchIndexIgnoredProperties: e643bd26f0fe6173181afceb89e7c659 -> 
  custom:audio-encoder-webm-vorbis: bf7c407c2cedff20999df2af8eb42d56 -> 
  custom:AudioImporter_EditorPlatform: d09bf68614088b80899f8185d706f6e7 -> 
  custom:audio-decoder-ogg-vorbis: bf7c407c2cedff20999df2af8eb42d56 -> 
  custom:video-encoder-webm-vp8: eb34c28f22e8b96e1ab97ce403110664 -> 
  custom:container-demuxer-ogg: 62fdf1f143b41e24485cea50d1cbac27 -> 
  custom:framework-win-MediaFoundation: 216162199b28c13a410421893ffa2e32 -> 
  custom:video-decoder-ogg-theora: a1e56fd34408186e4bbccfd4996cb3dc -> 
  custom:container-muxer-webm: aa71ff27fc2769a1b78a27578f13a17b -> 
  custom:video-codec-MediaFoundation-h265: 746d11721c4dcdbdad8f713fa42b33f4 -> 
  custom:CustomObjectIndexerAttribute: a3ef5dd2817f97addfee359851a9dba5 -> 
  custom:container-demuxer-webm: 4f35f7cbe854078d1ac9338744f61a02 -> 
========================================================================
Received Import Request.
  Time since last request: 59568.561811 seconds.
  path: Assets/_MAIN
  artifactKey: Guid(5a90c15d318b6534d89381fa5073105f) Importer(815301076,1909f56bfc062723c751e8b465ee728b)
Start importing Assets/_MAIN using Guid(5a90c15d318b6534d89381fa5073105f) Importer(815301076,1909f56bfc062723c751e8b465ee728b)  -> (artifact id: '78e6eac7063d925b056e4ef9b1013b17') in 0.013467 seconds
Number of updated asset objects reloaded before import = 3
Number of asset objects unloaded after import = 0
========================================================================
Received Import Request.
  Time since last request: 1.061414 seconds.
  path: Assets/_MAIN/Scrips
  artifactKey: Guid(77073e9e4213cda4ebaf316715f33056) Importer(815301076,1909f56bfc062723c751e8b465ee728b)
Start importing Assets/_MAIN/Scrips using Guid(77073e9e4213cda4ebaf316715f33056) Importer(815301076,1909f56bfc062723c751e8b465ee728b)  -> (artifact id: 'e6702c4586f0b30eeba5cd1867cecce9') in 0.001202 seconds
Number of updated asset objects reloaded before import = 0
Number of asset objects unloaded after import = 0
========================================================================
Received Import Request.
  Time since last request: 1.112121 seconds.
  path: Assets/_MAIN/Scrips/core
  artifactKey: Guid(89c5a81949c78994c84b337a4f4e1870) Importer(815301076,1909f56bfc062723c751e8b465ee728b)
Start importing Assets/_MAIN/Scrips/core using Guid(89c5a81949c78994c84b337a4f4e1870) Importer(815301076,1909f56bfc062723c751e8b465ee728b)  -> (artifact id: '8867f3ce8a99e89683e89f1d8c2084a2') in 0.000736 seconds
Number of updated asset objects reloaded before import = 0
Number of asset objects unloaded after import = 0
========================================================================
Received Import Request.
  Time since last request: 1.479812 seconds.
  path: Assets/_MAIN/Scrips/core/DialogueContainer.cs
  artifactKey: Guid(899dd0e2e0084ec41907a07b9da35b03) Importer(815301076,1909f56bfc062723c751e8b465ee728b)
Start importing Assets/_MAIN/Scrips/core/DialogueContainer.cs using Guid(899dd0e2e0084ec41907a07b9da35b03) Importer(815301076,1909f56bfc062723c751e8b465ee728b)  -> (artifact id: '908ba1beded13ba85f37fa76a00d8479') in 0.001667 seconds
Number of updated asset objects reloaded before import = 0
Number of asset objects unloaded after import = 0
========================================================================
Received Import Request.
  Time since last request: 2.017469 seconds.
  path: Assets/_MAIN/Scrips/core/TextArchitect.cs
  artifactKey: Guid(e11a0d8c28c5d314eb0d14fb6a3f42c2) Importer(815301076,1909f56bfc062723c751e8b465ee728b)
Start importing Assets/_MAIN/Scrips/core/TextArchitect.cs using Guid(e11a0d8c28c5d314eb0d14fb6a3f42c2) Importer(815301076,1909f56bfc062723c751e8b465ee728b)  -> (artifact id: '19b06fed9730e04567f8f0344d813dec') in 0.004618 seconds
Number of updated asset objects reloaded before import = 0
Number of asset objects unloaded after import = 0
========================================================================
Received Import Request.
  Time since last request: 0.990939 seconds.
  path: Assets/_MAIN/Scrips/core/ID
  artifactKey: Guid(beea3beda9ec9b040b39037777749b03) Importer(815301076,1909f56bfc062723c751e8b465ee728b)
Start importing Assets/_MAIN/Scrips/core/ID using Guid(beea3beda9ec9b040b39037777749b03) Importer(815301076,1909f56bfc062723c751e8b465ee728b)  -> (artifact id: '6c451af159a18be017394ea0507b5d9e') in 0.001239 seconds
Number of updated asset objects reloaded before import = 0
Number of asset objects unloaded after import = 0
========================================================================
Received Import Request.
  Time since last request: 1.574293 seconds.
  path: Assets/_MAIN/Scrips/core/Dialogue
  artifactKey: Guid(eed3abfa71c64b442af91fed1d57736c) Importer(815301076,1909f56bfc062723c751e8b465ee728b)
Start importing Assets/_MAIN/Scrips/core/Dialogue using Guid(eed3abfa71c64b442af91fed1d57736c) Importer(815301076,1909f56bfc062723c751e8b465ee728b)  -> (artifact id: '8bb407005a3a510ce1c51c2a6c843972') in 0.000690 seconds
Number of updated asset objects reloaded before import = 0
Number of asset objects unloaded after import = 0
========================================================================
Received Import Request.
  Time since last request: 9.569469 seconds.
  path: Assets/_MAIN/Scrips/core/Dialogue/DialogueParser.cs
  artifactKey: Guid(b96397c191c952c4ca7bffdedf525148) Importer(815301076,1909f56bfc062723c751e8b465ee728b)
Start importing Assets/_MAIN/Scrips/core/Dialogue/DialogueParser.cs using Guid(b96397c191c952c4ca7bffdedf525148) Importer(815301076,1909f56bfc062723c751e8b465ee728b)  -> (artifact id: '799cab6b5b836ec206704aec755967e2') in 0.000873 seconds
Number of updated asset objects reloaded before import = 0
Number of asset objects unloaded after import = 0
========================================================================
Received Import Request.
  Time since last request: 1.465598 seconds.
  path: Assets/_MAIN/Scrips/core/Dialogue/DialogueSystem.cs
  artifactKey: Guid(b682102a5e1b77549a81b4dd57cf7d39) Importer(815301076,1909f56bfc062723c751e8b465ee728b)
Start importing Assets/_MAIN/Scrips/core/Dialogue/DialogueSystem.cs using Guid(b682102a5e1b77549a81b4dd57cf7d39) Importer(815301076,1909f56bfc062723c751e8b465ee728b)  -> (artifact id: '2c649a141f6e6fa4e7eca4e1897de19f') in 0.000917 seconds
Number of updated asset objects reloaded before import = 0
Number of asset objects unloaded after import = 0
========================================================================
Received Import Request.
  Time since last request: 92.219522 seconds.
  path: Assets/_MAIN/Scenes
  artifactKey: Guid(d7f4dc7fd227ace4e9d3e537e4376cc3) Importer(815301076,1909f56bfc062723c751e8b465ee728b)
Start importing Assets/_MAIN/Scenes using Guid(d7f4dc7fd227ace4e9d3e537e4376cc3) Importer(815301076,1909f56bfc062723c751e8b465ee728b)  -> (artifact id: 'bc2591adedc30671aa370a3f763ef997') in 0.000986 seconds
Number of updated asset objects reloaded before import = 0
Number of asset objects unloaded after import = 0
========================================================================
Received Import Request.
  Time since last request: 0.964590 seconds.
  path: Assets/_MAIN/Scenes/VisualNoble.unity
  artifactKey: Guid(16e959d86cf7e1f40884a942260ccc39) Importer(815301076,1909f56bfc062723c751e8b465ee728b)
Start importing Assets/_MAIN/Scenes/VisualNoble.unity using Guid(16e959d86cf7e1f40884a942260ccc39) Importer(815301076,1909f56bfc062723c751e8b465ee728b)  -> (artifact id: 'd31731cee9dd4ee1954f3916efdf355e') in 0.000659 seconds
Number of updated asset objects reloaded before import = 0
Number of asset objects unloaded after import = 0
========================================================================
Received Import Request.
  Time since last request: 19.994930 seconds.
  path: Assets/Scenes
  artifactKey: Guid(113842e0d8b638743aefb060ecacf07c) Importer(815301076,1909f56bfc062723c751e8b465ee728b)
Start importing Assets/Scenes using Guid(113842e0d8b638743aefb060ecacf07c) Importer(815301076,1909f56bfc062723c751e8b465ee728b)  -> (artifact id: '5e44af7550d60c2ea375183ff59dde20') in 0.000795 seconds
Number of updated asset objects reloaded before import = 0
Number of asset objects unloaded after import = 0
========================================================================
Received Import Request.
  Time since last request: 1.165652 seconds.
  path: Assets/Scenes/SampleScene.unity
  artifactKey: Guid(99c9720ab356a0642a771bea13969a05) Importer(815301076,1909f56bfc062723c751e8b465ee728b)
Start importing Assets/Scenes/SampleScene.unity using Guid(99c9720ab356a0642a771bea13969a05) Importer(815301076,1909f56bfc062723c751e8b465ee728b)  -> (artifact id: 'b89c8c6b575799756c41bfe4d7c14338') in 0.000604 seconds
Number of updated asset objects reloaded before import = 0
Number of asset objects unloaded after import = 0
========================================================================
Received Import Request.
  Time since last request: 10.859639 seconds.
  path: Assets/Scenes/VisualNovele.unity
  artifactKey: Guid(99c9720ab356a0642a771bea13969a05) Importer(815301076,1909f56bfc062723c751e8b465ee728b)
Start importing Assets/Scenes/VisualNovele.unity using Guid(99c9720ab356a0642a771bea13969a05) Importer(815301076,1909f56bfc062723c751e8b465ee728b)  -> (artifact id: '290cb250ef5893133355535ea0bfb8f4') in 0.001107 seconds
Number of updated asset objects reloaded before import = 0
Number of asset objects unloaded after import = 0
